<?xml version="1.0" encoding="UTF-8"?>
<!-- Generated by org.testng.reporters.JUnitXMLReporter -->
<testsuite ignored="0" hostname="DESKTOP-IBRAP3P" failures="1" tests="3" name="Test-Runner1" time="0.098" errors="0" timestamp="2023-11-01T11:29:49 IST">
  <testcase classname="practice.Practice" name="sample1Test" time="0.014">
    <failure type="java.lang.AssertionError" message="null">
      <![CDATA[java.lang.AssertionError: null
at practice.Practice.sample1Test(Practice.java:10)
at java.base/java.util.ArrayList.forEach(ArrayList.java:1511)
at java.base/java.util.concurrent.FutureTask.run(FutureTask.java:264)
at java.base/java.util.concurrent.ThreadPoolExecutor.runWorker(ThreadPoolExecutor.java:1136)
at java.base/java.util.concurrent.ThreadPoolExecutor$Worker.run(ThreadPoolExecutor.java:635)
at java.base/java.lang.Thread.run(Thread.java:833)
... Removed 20 stack frames]]>
    </failure>
  </testcase> <!-- sample1Test -->
  <testcase classname="practice.Practice" name="sample2Test" time="0.002"/>
  <testcase classname="practice.Practice" name="sample3Test" time="0.002"/>
</testsuite> <!-- Test-Runner1 -->
