<?xml version="1.0" encoding="UTF-8"?>
<!-- Generated by org.testng.reporters.JUnitXMLReporter -->
<testsuite ignored="0" hostname="DESKTOP-IBRAP3P" failures="0" tests="1" name="Test-Runner-2" time="59.443" errors="0" timestamp="2023-11-01T11:30:48 IST">
  <testcase classname="genericUtility.BaseClass" name="@AfterMethod amConfig" time="0.003">
    <failure type="java.lang.Error" message="Unresolved compilation problem: 
	The method mouseHoverAction(WebDriver, WebElement) is undefined for the type HomePage
">
      <![CDATA[java.lang.Error: Unresolved compilation problem: 
The method mouseHoverAction(WebDriver, WebElement) is undefined for the type HomePage

at objectRepository.HomePage.logoutOfApp(HomePage.java:63)
at genericUtility.BaseClass.amConfig(BaseClass.java:79)
at java.base/java.util.ArrayList.forEach(ArrayList.java:1511)
at java.base/java.util.concurrent.FutureTask.run(FutureTask.java:264)
at java.base/java.util.concurrent.ThreadPoolExecutor.runWorker(ThreadPoolExecutor.java:1136)
at java.base/java.util.concurrent.ThreadPoolExecutor$Worker.run(ThreadPoolExecutor.java:635)
at java.base/java.lang.Thread.run(Thread.java:833)
... Removed 23 stack frames]]>
    </failure>
  </testcase> <!-- @AfterMethod amConfig -->
  <testcase classname="practice.New" name="practice" time="23.28"/>
</testsuite> <!-- Test-Runner-2 -->
