<?xml version="1.0" encoding="UTF-8"?>
<!-- Generated by org.testng.reporters.JUnitReportReporter -->
<testsuite hostname="DESKTOP-IBRAP3P" failures="0" tests="1" name="contactTests.CreateMultipleContact_Using_DataProvider" time="0.000" errors="0" timestamp="2023-10-31T11:19:06 IST" skipped="1">
  <testcase classname="contactTests.CreateMultipleContact_Using_DataProvider" name="createMultipleContact" time="0.000">
    <skipped/>
  </testcase> <!-- createMultipleContact -->
  <system-out/>
</testsuite> <!-- contactTests.CreateMultipleContact_Using_DataProvider -->
