<?xml version="1.0" encoding="UTF-8"?>
<!-- Generated by org.testng.reporters.JUnitReportReporter -->
<testsuite hostname="DESKTOP-IBRAP3P" failures="0" tests="6" name="practice.TestNGPractice" time="0.019" errors="0" timestamp="2023-10-25T11:04:20 IST" skipped="1">
  <testcase classname="practice.TestNGPractice" name="createCustomer" time="0.011"/>
  <system-out/>
  <testcase classname="practice.TestNGPractice" name="deletCustomer" time="0.001"/>
  <system-out/>
  <testcase classname="practice.TestNGPractice" name="modifycustomer" time="0.002"/>
  <system-out/>
  <testcase classname="practice.TestNGPractice" name="modifycustomer1" time="0.002"/>
  <system-out/>
  <testcase classname="practice.TestNGPractice" name="modifycustomer1" time="0.003"/>
  <system-out/>
  <testcase classname="practice.TestNGPractice" name="status">
    <skipped/>
  </testcase> <!-- status -->
  <system-out/>
</testsuite> <!-- practice.TestNGPractice -->
