<?xml version="1.0" encoding="UTF-8"?>
<!-- Generated by org.testng.reporters.JUnitReportReporter -->
<testsuite hostname="DESKTOP-IBRAP3P" failures="0" tests="3" name="practice.DataProviderPractice" time="0.012" errors="0" timestamp="2023-10-26T11:14:50 IST" skipped="0">
  <testcase classname="practice.DataProviderPractice" name="readData" time="0.002"/>
  <system-out/>
  <testcase classname="practice.DataProviderPractice" name="readData" time="0.008"/>
  <system-out/>
  <testcase classname="practice.DataProviderPractice" name="readData" time="0.002"/>
  <system-out/>
</testsuite> <!-- practice.DataProviderPractice -->
